# JRE version: OpenJDK Runtime Environment JBR-17.0.14+1-1367.22-nomod (17.0.14+1) (build 17.0.14+1-b1367.22)
# Java VM: OpenJDK 64-Bit Server VM JBR-17.0.14+1-1367.22-nomod (17.0.14+1-b1367.22, mixed mode, sharing, tiered, compressed oops, compressed class ptrs, g1 gc, windows-amd64)
GC Precious Log:
 CPUs: 4 total, 4 available
 Memory: 10178M
 Large Page Support: Disabled
 NUMA Support: Disabled
 Compressed Oops: Enabled (Zero based)
 Heap Region Size: 2M
 Heap Min Capacity: 8M
 Heap Initial Capacity: 160M
 Heap Max Capacity: 2546M
 Pre-touch: Disabled
 Parallel Workers: 4
 Concurrent Workers: 1
 Concurrent Refinement Workers: 4
 Periodic GC: Disabled
Heap:
 garbage-first heap   total 163840K, used 95541K [0x0000000760e00000, 0x0000000800000000)
  region size 2048K, 24 young (49152K), 4 survivors (8192K)
 Metaspace       used 83461K, committed 84032K, reserved 1179648K
  class space    used 12028K, committed 12288K, reserved 1048576K
GC Heap History (20 events):
Event: 15.010 GC heap before
{Heap before GC invocations=16 (full 0):
 garbage-first heap   total 67584K, used 29237K [0x0000000760e00000, 0x0000000800000000)
  region size 2048K, 6 young (12288K), 2 survivors (4096K)
 Metaspace       used 59668K, committed 60096K, reserved 1114112K
  class space    used 8260K, committed 8448K, reserved 1048576K
}
Event: 15.017 GC heap after
{Heap after GC invocations=17 (full 0):
 garbage-first heap   total 67584K, used 25251K [0x0000000760e00000, 0x0000000800000000)
  region size 2048K, 1 young (2048K), 1 survivors (2048K)
 Metaspace       used 59668K, committed 60096K, reserved 1114112K
  class space    used 8260K, committed 8448K, reserved 1048576K
}
Event: 15.809 GC heap before
{Heap before GC invocations=18 (full 0):
 garbage-first heap   total 67584K, used 49827K [0x0000000760e00000, 0x0000000800000000)
  region size 2048K, 13 young (26624K), 1 survivors (2048K)
 Metaspace       used 63996K, committed 64512K, reserved 1114112K
  class space    used 9042K, committed 9280K, reserved 1048576K
}
Event: 15.816 GC heap after
{Heap after GC invocations=19 (full 0):
 garbage-first heap   total 67584K, used 25868K [0x0000000760e00000, 0x0000000800000000)
  region size 2048K, 1 young (2048K), 1 survivors (2048K)
 Metaspace       used 63996K, committed 64512K, reserved 1114112K
  class space    used 9042K, committed 9280K, reserved 1048576K
}
Event: 17.127 GC heap before
{Heap before GC invocations=20 (full 0):
 garbage-first heap   total 67584K, used 52492K [0x0000000760e00000, 0x0000000800000000)
  region size 2048K, 14 young (28672K), 1 survivors (2048K)
 Metaspace       used 68654K, committed 69120K, reserved 1114112K
  class space    used 9668K, committed 9856K, reserved 1048576K
}
Event: 17.142 GC heap after
{Heap after GC invocations=21 (full 0):
 garbage-first heap   total 67584K, used 27854K [0x0000000760e00000, 0x0000000800000000)
  region size 2048K, 2 young (4096K), 2 survivors (4096K)
 Metaspace       used 68654K, committed 69120K, reserved 1114112K
  class space    used 9668K, committed 9856K, reserved 1048576K
}
Event: 18.455 GC heap before
{Heap before GC invocations=21 (full 0):
 garbage-first heap   total 67584K, used 52430K [0x0000000760e00000, 0x0000000800000000)
  region size 2048K, 14 young (28672K), 2 survivors (4096K)
 Metaspace       used 71232K, committed 71744K, reserved 1114112K
  class space    used 10181K, committed 10432K, reserved 1048576K
}
Event: 18.471 GC heap after
{Heap after GC invocations=22 (full 0):
 garbage-first heap   total 67584K, used 29063K [0x0000000760e00000, 0x0000000800000000)
  region size 2048K, 2 young (4096K), 2 survivors (4096K)
 Metaspace       used 71232K, committed 71744K, reserved 1114112K
  class space    used 10181K, committed 10432K, reserved 1048576K
}
Event: 19.055 GC heap before
{Heap before GC invocations=22 (full 0):
 garbage-first heap   total 67584K, used 51591K [0x0000000760e00000, 0x0000000800000000)
  region size 2048K, 13 young (26624K), 2 survivors (4096K)
 Metaspace       used 73119K, committed 73664K, reserved 1114112K
  class space    used 10577K, committed 10816K, reserved 1048576K
}
Event: 19.068 GC heap after
{Heap after GC invocations=23 (full 0):
 garbage-first heap   total 81920K, used 30731K [0x0000000760e00000, 0x0000000800000000)
  region size 2048K, 2 young (4096K), 2 survivors (4096K)
 Metaspace       used 73119K, committed 73664K, reserved 1114112K
  class space    used 10577K, committed 10816K, reserved 1048576K
}
Event: 19.436 GC heap before
{Heap before GC invocations=23 (full 0):
 garbage-first heap   total 81920K, used 61451K [0x0000000760e00000, 0x0000000800000000)
  region size 2048K, 18 young (36864K), 2 survivors (4096K)
 Metaspace       used 74647K, committed 75264K, reserved 1114112K
  class space    used 10771K, committed 11072K, reserved 1048576K
}
Event: 19.444 GC heap after
{Heap after GC invocations=24 (full 0):
 garbage-first heap   total 81920K, used 30838K [0x0000000760e00000, 0x0000000800000000)
  region size 2048K, 2 young (4096K), 2 survivors (4096K)
 Metaspace       used 74647K, committed 75264K, reserved 1114112K
  class space    used 10771K, committed 11072K, reserved 1048576K
}
Event: 19.904 GC heap before
{Heap before GC invocations=24 (full 0):
 garbage-first heap   total 81920K, used 61558K [0x0000000760e00000, 0x0000000800000000)
  region size 2048K, 18 young (36864K), 2 survivors (4096K)
 Metaspace       used 74899K, committed 75456K, reserved 1114112K
  class space    used 10805K, committed 11072K, reserved 1048576K
}
Event: 19.917 GC heap after
{Heap after GC invocations=25 (full 0):
 garbage-first heap   total 81920K, used 34047K [0x0000000760e00000, 0x0000000800000000)
  region size 2048K, 3 young (6144K), 3 survivors (6144K)
 Metaspace       used 74899K, committed 75456K, reserved 1114112K
  class space    used 10805K, committed 11072K, reserved 1048576K
}
Event: 19.981 GC heap before
{Heap before GC invocations=25 (full 0):
 garbage-first heap   total 81920K, used 62719K [0x0000000760e00000, 0x0000000800000000)
  region size 2048K, 17 young (34816K), 3 survivors (6144K)
 Metaspace       used 74903K, committed 75456K, reserved 1114112K
  class space    used 10805K, committed 11072K, reserved 1048576K
}
Event: 20.014 GC heap after
{Heap after GC invocations=26 (full 0):
 garbage-first heap   total 81920K, used 45531K [0x0000000760e00000, 0x0000000800000000)
  region size 2048K, 3 young (6144K), 3 survivors (6144K)
 Metaspace       used 74903K, committed 75456K, reserved 1114112K
  class space    used 10805K, committed 11072K, reserved 1048576K
}
Event: 20.053 GC heap before
{Heap before GC invocations=26 (full 0):
 garbage-first heap   total 81920K, used 59867K [0x0000000760e00000, 0x0000000800000000)
  region size 2048K, 10 young (20480K), 3 survivors (6144K)
 Metaspace       used 74903K, committed 75456K, reserved 1114112K
  class space    used 10805K, committed 11072K, reserved 1048576K
}
Event: 20.086 GC heap after
{Heap after GC invocations=27 (full 0):
 garbage-first heap   total 163840K, used 51923K [0x0000000760e00000, 0x0000000800000000)
  region size 2048K, 2 young (4096K), 2 survivors (4096K)
 Metaspace       used 74903K, committed 75456K, reserved 1114112K
  class space    used 10805K, committed 11072K, reserved 1048576K
}
Event: 23.459 GC heap before
{Heap before GC invocations=28 (full 0):
 garbage-first heap   total 163840K, used 109267K [0x0000000760e00000, 0x0000000800000000)
  region size 2048K, 30 young (61440K), 2 survivors (4096K)
 Metaspace       used 79213K, committed 79808K, reserved 1179648K
  class space    used 11442K, committed 11712K, reserved 1048576K
}
Event: 23.480 GC heap after
{Heap after GC invocations=29 (full 0):
 garbage-first heap   total 163840K, used 56629K [0x0000000760e00000, 0x0000000800000000)
  region size 2048K, 4 young (8192K), 4 survivors (8192K)
 Metaspace       used 79213K, committed 79808K, reserved 1179648K
  class space    used 11442K, committed 11712K, reserved 1048576K
}

